d:\c++\directx\direct3d uwp game5\direct3d uwp game5\x64\debug\pch.pch
d:\c++\directx\direct3d uwp game5\direct3d uwp game5\x64\debug\vc143.pdb
d:\c++\directx\direct3d uwp game5\direct3d uwp game5\x64\debug\vc143.idb
d:\c++\directx\direct3d uwp game5\direct3d uwp game5\x64\debug\pch.obj
d:\c++\directx\direct3d uwp game5\direct3d uwp game5\x64\debug\main.obj
d:\c++\directx\direct3d uwp game5\direct3d uwp game5\x64\debug\deviceresources.obj
d:\c++\directx\direct3d uwp game5\direct3d uwp game5\x64\debug\game.obj
d:\c++\directx\direct3d uwp game5\x64\debug\direct3d uwp game5\direct3d_uwp_game5.winmd
d:\c++\directx\direct3d uwp game5\direct3d uwp game5\x64\debug\direct3d uwp game5.vcxproj.assemblyreference.cache
d:\c++\directx\direct3d uwp game5\direct3d uwp game5\x64\debug\resourcehandlingtask.state
d:\c++\directx\direct3d uwp game5\direct3d uwp game5\x64\debug\direct3d uwp game5.vcxproj.generateresource.cache
d:\c++\directx\direct3d uwp game5\direct3d uwp game5\x64\debug\priconfig.xml
d:\c++\directx\direct3d uwp game5\direct3d uwp game5\x64\debug\priconfig.xml.intermediate
d:\c++\directx\direct3d uwp game5\direct3d uwp game5\x64\debug\unfiltered.layout.resfiles
d:\c++\directx\direct3d uwp game5\direct3d uwp game5\x64\debug\unfiltered.layout.resfiles.intermediate
d:\c++\directx\direct3d uwp game5\direct3d uwp game5\x64\debug\filtered.layout.resfiles
d:\c++\directx\direct3d uwp game5\direct3d uwp game5\x64\debug\filtered.layout.resfiles.intermediate
d:\c++\directx\direct3d uwp game5\direct3d uwp game5\x64\debug\excluded.layout.resfiles
d:\c++\directx\direct3d uwp game5\direct3d uwp game5\x64\debug\excluded.layout.resfiles.intermediate
d:\c++\directx\direct3d uwp game5\direct3d uwp game5\x64\debug\resources.resfiles
d:\c++\directx\direct3d uwp game5\direct3d uwp game5\x64\debug\resources.resfiles.intermediate
d:\c++\directx\direct3d uwp game5\direct3d uwp game5\x64\debug\pri.resfiles
d:\c++\directx\direct3d uwp game5\direct3d uwp game5\x64\debug\pri.resfiles.intermediate
d:\c++\directx\direct3d uwp game5\x64\debug\direct3d uwp game5\resources.pri
d:\c++\directx\direct3d uwp game5\direct3d uwp game5\x64\debug\qualifiers.txt
d:\c++\directx\direct3d uwp game5\direct3d uwp game5\x64\debug\qualifiers.txt.intermediate
d:\c++\directx\direct3d uwp game5\direct3d uwp game5\x64\debug\multiplequalifiersperdimensionfound.txt
d:\c++\directx\direct3d uwp game5\direct3d uwp game5\x64\debug\projectarchitectures.txt
d:\c++\directx\direct3d uwp game5\x64\debug\direct3d uwp game5\appxmanifest.xml
d:\c++\directx\direct3d uwp game5\x64\debug\direct3d uwp game5\direct3d uwp game5.build.appxrecipe
d:\c++\directx\direct3d uwp game5\direct3d uwp game5\x64\debug\direct3d uwp game5.ilk
d:\c++\directx\direct3d uwp game5\x64\debug\direct3d uwp game5\direct3d uwp game5.exe
d:\c++\directx\direct3d uwp game5\x64\debug\direct3d uwp game5\direct3d uwp game5.pdb
d:\c++\directx\direct3d uwp game5\direct3d uwp game5\x64\debug\direct3d.9a0ec87c.tlog\cl.command.1.tlog
d:\c++\directx\direct3d uwp game5\direct3d uwp game5\x64\debug\direct3d.9a0ec87c.tlog\cl.read.1.tlog
d:\c++\directx\direct3d uwp game5\direct3d uwp game5\x64\debug\direct3d.9a0ec87c.tlog\cl.write.1.tlog
d:\c++\directx\direct3d uwp game5\direct3d uwp game5\x64\debug\direct3d.9a0ec87c.tlog\direct3d uwp game5.read.1u.tlog
d:\c++\directx\direct3d uwp game5\direct3d uwp game5\x64\debug\direct3d.9a0ec87c.tlog\direct3d uwp game5.write.1u.tlog
d:\c++\directx\direct3d uwp game5\direct3d uwp game5\x64\debug\direct3d.9a0ec87c.tlog\link.command.1.tlog
d:\c++\directx\direct3d uwp game5\direct3d uwp game5\x64\debug\direct3d.9a0ec87c.tlog\link.read.1.tlog
d:\c++\directx\direct3d uwp game5\direct3d uwp game5\x64\debug\direct3d.9a0ec87c.tlog\link.write.1.tlog
